Running test case: 0
DictId: 5
Board size: (height=10, width=15)
Board row: ......X........
Board row: 3..............
Board row: ............2..
Board row: .........X..3.2
Board row: ....3......x...
Board row: ........3.3....
Board row: .........2.....
Board row: .......2....x..
Board row: .....3.....3...
Board row: xX.3.....x.....
Num letters: 22
E 10 M 0 O 10 S 4 U 0 a 5 b 1 c 3 e 0 f 1 g 9 h 8 i 6 l 6 m 8 n 4 o 5 p 2 r 4 t 6 u 8 v 9 
All letters: hovrtrnertuenfleSuhmebrSheSvegpnotaiptiegbatificitieptrmcrEoiolntagSptSotuefrreSfSehrtoealehopaitttMShnieeumoctfemtcenegnaronSttleaOvoeonUrfaiote
Dictionary 5 not-cached. Rading from filename: C_Crossword/dict5.in
Dictionary size: 569
Running test case: 1
DictId: 5
Board size: (height=15, width=15)
Board row: ..22.......2...
Board row: .......2..2x...
Board row: ......2........
Board row: ..2........x.x.
Board row: ...2..2..2...2.
Board row: ....x....3.....
Board row: ...........3...
Board row: .x..........2.3
Board row: 2.....3.23.....
Board row: 2..2...........
Board row: .22....x2.3..3.
Board row: .......3..3....
Board row: .3.x.3.3.......
Board row: ...2.....3.....
Board row: ..........32...
Num letters: 22
E 10 M 10 O 10 S 6 U 0 a 5 b 9 c 3 e 0 f 9 g 9 h 2 i 6 l 6 m 8 n 4 o 5 p 8 r 4 t 4 u 8 v 9 
All letters: ncrmfSnlptmeElcilenlaStclehiSltebelluvUicrrenrairigtttetfaieeeSftantnaoervnullrOtaitebSthoeiatitfhearveaolopleMeoogerrSienepliitchaalSevuefeaeaoiotmhuephotilSmffnnrhoeraurlpnropacaehhtgnStairSSvvcShttauvngMcccemSaieniiit
Dictionary size: 569
Running test case: 2
DictId: 1
Board size: (height=15, width=15)
Board row: 32........3....
Board row: ...............
Board row: 3..2..........2
Board row: .........2...x.
Board row: ..............2
Board row: ............X2.
Board row: ..2.....32.....
Board row: ...X...........
Board row: 3......X.......
Board row: 3.........2...3
Board row: ...3...323....3
Board row: .......3.......
Board row: .........x.....
Board row: ..x.......X....
Board row: ........2..x.x.
Num letters: 26
a 4 b 9 c 10 d 7 e 3 f 10 g 10 h 9 i 10 j 10 k 7 l 3 m 6 n 8 o 4 p 9 q 0 r 7 s 10 t 8 u 10 v 10 w 10 x 10 y 2 z 7 
All letters: edlelayiaalmdlsgatrllaqrzkbydiekkluioihigzddelroyakblazirloybeviiyeemabamprlnbeombaidmddmzpzhirkoddlooolheaexorlolirmilsfazlmzvoowkxyaacmgtzniryholedloaikaltoehfinzjahlrozzlawoasiveihlkaeetqrkizaeyoooilktminleahlbepadyryefai
Dictionary 1 not-cached. Rading from filename: C_Crossword/dict1.in
Dictionary size: 52866
Running test case: 3
DictId: 5
Board size: (height=10, width=15)
Board row: 3..x.2..X......
Board row: ......x.....3..
Board row: ..........x....
Board row: .......2...22..
Board row: ..3............
Board row: ..x.3..........
Board row: ...x.......2...
Board row: .........2.....
Board row: ............22.
Board row: .........x.....
Num letters: 22
E 0 M 10 O 0 S 4 U 10 a 5 b 9 c 7 e 0 f 9 g 9 h 2 i 4 l 4 m 8 n 4 o 5 p 8 r 4 t 4 u 8 v 1 
All letters: uttatlrcaehrnnoSeoeUmhtEpcntoSeeteotohrgrmnSahfnpholfmMmgEaMlrttmpolebinaSiSmuerlrvnrmeMrplattgolreotamloncieaUguevtecebumiooSgfOtiteavenhilhnuttael
Dictionary size: 569
Running test case: 4
DictId: 1
Board size: (height=20, width=20)
Board row: ..3...............2.
Board row: .3.....2............
Board row: ....2...X...........
Board row: ...................2
Board row: ..2.x...............
Board row: ......x.2.....3....X
Board row: 2.........2........x
Board row: .....x.2............
Board row: ...............x.2.2
Board row: ....................
Board row: ..2...........2..2..
Board row: ..2.................
Board row: ..........2.23...3..
Board row: ......32.3..........
Board row: x..33.........3.....
Board row: ....2.2.......xx....
Board row: ...x...x..........x.
Board row: ....x.x.x...........
Board row: ...2............2...
Board row: .........222........
Num letters: 26
a 4 b 9 c 10 d 7 e 3 f 10 g 10 h 9 i 0 j 10 k 3 l 3 m 6 n 2 o 4 p 9 q 10 r 3 s 10 t 8 u 10 v 10 w 10 x 10 y 2 z 7 
All letters: fdiineeliyeepudoqllbnamdktralozokipkoaltiroidhmroamiotaerjoderlpaliilsielpnoirirkvlokmoteiokledomiaoevzareoeezipoibmvmtoilhaarkaerooteeamlzptlilydiazhlkzeakremdixealgoayorpdmnidomddemgriddoldmiaebrzikeamibzoyzemmhanekoedvinrenoaoomlizhrrkkoztommagswoeeyotolobotoxldomfazaamypolkylmetryadiiedilrabriizilnrozycdohilekenemkitkkbinemmmeikrfiywoqflyiveilrkblonlzikmznpzhkoerzymloekamxmnlelroxbotadeei
Dictionary size: 52866
Running test case: 5
DictId: 1
Board size: (height=15, width=15)
Board row: ...........3...
Board row: ...............
Board row: ...2.x2.X......
Board row: ...............
Board row: ....2....22..x2
Board row: ..............3
Board row: ...............
Board row: .............2.
Board row: ...............
Board row: ..2X...........
Board row: ...2......2...2
Board row: .......2.......
Board row: ....2.......3..
Board row: ...3...........
Board row: .2....3........
Num letters: 26
a 4 b 9 c 10 d 7 e 3 f 0 g 10 h 1 i 0 j 0 k 7 l 3 m 6 n 8 o 4 p 9 q 0 r 3 s 10 t 8 u 10 v 10 w 0 x 0 y 8 z 3 
All letters: mbrlhdltmizeopkzeyzibevtytooortlmrzidjfoaaeezaeiaoihodaaxaekznocbiidtilrztnadoliibelitsmrromdaeiznskiiriiduolidhziiewdaaogezawoerrmlnrpryxveqaeyklmrtilylrpnkkiymmmftnieteiaeeldidpxayrkamaklefmlorrazkfiorkerlyeidlieoakfa
Dictionary size: 52866
Running test case: 6
DictId: 1
Board size: (height=10, width=15)
Board row: .X...........2.
Board row: ..........3....
Board row: ......2.......3
Board row: ........x......
Board row: ..x....3...2...
Board row: xX3............
Board row: .2.x.....2.....
Board row: ..........3.3..
Board row: ...............
Board row: 3......x.......
Num letters: 26
a 6 b 1 c 10 d 7 e 3 f 10 g 10 h 9 i 0 j 0 k 7 l 3 m 6 n 8 o 4 p 9 q 10 r 3 s 10 t 8 u 10 v 10 w 10 x 10 y 2 z 7 
All letters: vhgtrubjddekrymlotdraslnyeotopmenamliikdahwxromededtyedmroagyieirpyoiexkyooleqiclkikaxfiieillyybofovlwdteaomtmynvzfaemoamiplllkziaifabzmkaienep
Dictionary size: 52866
Running test case: 7
DictId: 1
Board size: (height=15, width=15)
Board row: ..2.2..xx3X..2X
Board row: ..2........X3..
Board row: 2..............
Board row: .2..2....x.....
Board row: ........3......
Board row: .......23.....3
Board row: .....2..3..2...
Board row: ....2.X.....3..
Board row: ..............3
Board row: ....X...3......
Board row: ............2..
Board row: .........x.3...
Board row: ....22.x....x..
Board row: 2...........x22
Board row: ........2......
Num letters: 26
a 4 b 9 c 10 d 7 e 3 f 10 g 10 h 9 i 10 j 10 k 3 l 3 m 4 n 2 o 4 p 1 q 10 r 7 s 10 t 8 u 10 v 10 w 0 x 10 y 8 z 7 
All letters: rolkyzxolknriineoijniooaiolzkcedoroiimolidpamilklnarirnidolrdinyilhvlzkioekiroilofikmitodeupaoiiaywloiztnearibmkebmtokilmyzooapinivdrltqnmoyiztmzslbyhozielvmhlnldelknreltzmomkrdawynkbrormoaduwlazotodezielyimlfgkioeodoozoipyg
Dictionary size: 52866
Total execution time: 0.048 (s)
