Running test case: 0
DictId: 3
Board size: (height=25, width=20)
Board row: x...................
Board row: .............2......
Board row: ........3...2.......
Board row: ....................
Board row: .............23..x.x
Board row: .......3............
Board row: 2...................
Board row: .3..3...............
Board row: ................3.2.
Board row: .......3............
Board row: ................x...
Board row: ........2.x.........
Board row: ...................3
Board row: ..2..2...3..2.......
Board row: ..3.....2...........
Board row: ..2........2........
Board row: ...........3..3.....
Board row: .......2...X.......2
Board row: .........2...3.X....
Board row: ....................
Board row: ......3...3.........
Board row: ..............x.....
Board row: ....................
Board row: .........2.x........
Board row: ........2...........
Num letters: 52
A 10 B 10 C 9 D 10 E 9 F 10 G 10 H 10 I 10 J 0 K 0 L 10 M 10 N 0 O 10 P 10 Q 10 R 0 S 9 T 10 U 10 V 10 W 10 X 0 Y 10 Z 10 a 1 b 8 c 7 d 7 e 0 f 10 g 0 h 10 i 6 j 5 k 6 l 6 m 6 n 8 o 4 p 10 q 10 r 9 s 3 t 4 u 4 v 10 w 9 x 10 y 9 z 5 
All letters: aEcdCeejoaLeacsmicoateIemosdezmrozszeusdziJSikskseCjczarpkeEadrdUdEiesjsemdadubEcdvucGmilzsismjlezettueasaptaemoYaaoioEisuFyjvrltnNoaeHwzadoopSoiCzzieijstskzuEemoolnjelsemsteesaeutnntrsaeuakaaeblujOEhanoubRaesoCkhoatomimewoebakSunejrydAbEejezbkSCjodBlTlkWzeSaobgdoiakCCjcyansofulsiceeokKeyqeczjPmlooEjesoujWEslEujactrnkQykuodehEtnmdbdsaaialwddzadeneecuZtsiukiaszlonbuoeaizinaeontlmClkkcEivbrazekcaVccbajaeoladlalsszzioeMasbpaxlirEerltiesotiLwollCmussmdemakSbazDejaujkuAeurdedlsljljazeidyXak
Dictionary 3 not-cached. Rading from filename: C_Crossword/dict3.in
Dictionary size: 125957
Running test case: 1
DictId: 2
Board size: (height=20, width=20)
Board row: ..X......x..........
Board row: ..........X.x.......
Board row: .................X..
Board row: .........x.3....X...
Board row: ....X...............
Board row: ....3...............
Board row: ..3................2
Board row: ....................
Board row: ....................
Board row: ....................
Board row: .................3..
Board row: ..........3.........
Board row: ..2.....2x...3......
Board row: .............3......
Board row: ...x.....3...3......
Board row: ....3.X.2....X..32..
Board row: ....2....x...X......
Board row: ..............3.....
Board row: ...X2......x......2.
Board row: ....2...............
Num letters: 26
a 7 b 8 c 10 d 5 e 5 f 10 g 9 h 8 i 6 j 10 k 7 l 4 m 5 n 8 o 10 p 9 q 10 r 6 s 10 t 7 u 9 v 9 w 10 x 10 y 8 z 8 
All letters: ooiatpdhirbvmizjogdireozdnyliydliiytzrbatkkrfgdllyzczlooiminoikeomzloyzridzeoedoikovhmbmkkthnjkmocikldkzilzommglkzruuiibgeeailodjggbzdqzdpzdbgvezzlvmzjdrlinztboeyazeyuyaohdzyooayaidodlxaormoneppoudglsoujympdiizytoacnyibydlzekaombhalhdgafdrwbdodlyzrymzaaydaogoollvemialmicrogoroozkltnipaeelldnhwihaiitoyvlohrdfpdlojvdozbgdeulzenhmdolrirrlmoltiloezknlnctjmpkoizeihzaklihotgvnzamzzlmauetbelluezzc
Dictionary 2 not-cached. Rading from filename: C_Crossword/dict2.in
Dictionary size: 113809
Running test case: 2
DictId: 2
Board size: (height=20, width=20)
Board row: ....2...............
Board row: .......x.........x..
Board row: ..x...........2.....
Board row: ....................
Board row: .........2....3.3...
Board row: ...X..2.............
Board row: 3....3.......x......
Board row: ....................
Board row: .....X..............
Board row: .....x....2.........
Board row: ......x.....3....2x.
Board row: ...2x...............
Board row: ....................
Board row: ........x....2......
Board row: ....................
Board row: ....x.....x.........
Board row: 3...................
Board row: ...33.....x.........
Board row: .x.....2............
Board row: X3x...22...........2
Num letters: 26
a 7 b 2 c 0 d 5 e 5 f 10 g 9 h 2 i 6 j 0 k 7 l 4 m 5 n 8 o 0 p 9 q 10 r 6 s 0 t 7 u 1 v 9 w 0 x 10 y 8 z 2 
All letters: laeatovahlemooghancbgzoruatinmflugmddyizokzydmiiynzvogaahozroinldoapandbkatlmmzzejzdodzlnkozmdimzomldziziddbhobyrvaiirmiopvroatqtarcfxeozmlolcziiiiigllakddzijdiiarymaalrrilyotzorzolqgdgoraryomzeozggevzmatkodidfajaceclatepcvaoibnmyrdspeysrhilzckelrhdjgavloztaveanidakjabytrrolozvazwniakenhjimahpmmyjagtaarhniyletqzizyodfdrlasmmozzleloeozdovgidnzahovzeeamlkeieamlgakkkorwuhetlnudiozhtbenhomernodyzflmkr
Dictionary size: 113809
Running test case: 3
DictId: 1
Board size: (height=30, width=30)
Board row: ...............2..............
Board row: ..............................
Board row: .............3.............2..
Board row: ..............................
Board row: .3..xx..........3.....2......3
Board row: ...x.3.2......................
Board row: ....................2......X2.
Board row: .......x......................
Board row: ..X.3...2.x...2.2..X..........
Board row: .............3........2.....2.
Board row: ..X.........................x.
Board row: ......2.3.............3.x.....
Board row: .....................x....2...
Board row: ............2......3..........
Board row: ..x..............3............
Board row: ...........x..................
Board row: ...............2...2.2....2...
Board row: ....x.....3...x...............
Board row: .........2.............3......
Board row: ..............X.........2..3..
Board row: ......................x..x....
Board row: ..............................
Board row: .X...2X............2x.2.3.....
Board row: ............x......2..........
Board row: ..3x..2.......................
Board row: .............3.........23.....
Board row: .........X.........X..........
Board row: ..2...........................
Board row: .3..2.........X..2............
Board row: .....X...........32...........
Num letters: 26
a 6 b 9 c 0 d 3 e 3 f 0 g 10 h 9 i 0 j 10 k 7 l 3 m 4 n 8 o 4 p 9 q 0 r 3 s 0 t 8 u 10 v 10 w 10 x 10 y 8 z 7 
All letters: adoheblthzigrklltnmiailkieiiilaiimtnkeklizkdtnaokezidhslsitwzpmidozbndzeteloetlzdmeiodspfzbleygizrovzeizmloalwiiivoeeekyiwieotmiteielptnvztotmplbfzasphmaieiioakeyzalzailiamktazeinakotimlzirkomoiiemozolmiluoooyomdberkeordoidaaimibokdwrozfeieilflizhkerreioiloafkyeayymtiilidoemfltnnaillramzttmodryobeoronmkalizypdrozmrovoazjiioikofzeloveedhlelkkplkzeykoklliziieaolbodlsaooikigieeabpioarnnklodktctmkkfyttdrdpmoddiiotatylmplhrebnalliadmdileiilklitmarmmeemivltykoelrizsiytlliepldkilerekindaiemadimbweziaaamedilyizilwdlntikadloeoaigtiriooirlrifokdtiloaaeinamlbztdimliriaioazioxkpliziidpearezeiollfxmhobriizoayyeiozddleheokhmiralaaamiomlwoiroerziiiteipdtkmmemiizsligmhilofrrleamoizqmimdzidptteetvxenmflzmotemvrrewdaaabyaeislpiylfeisovbeihitedioxebinldiuzmititiegolkrpkqleoonhiidyleerdiotonaelosalaaiziehieevznieeiaiolgloymlhieitodyaytskvirimokrakllvowltyikpiflfdrdrliapipoddislziodeekmaokixoanldreelhlairzid
Dictionary 1 not-cached. Rading from filename: C_Crossword/dict1.in
Dictionary size: 52866
Running test case: 4
DictId: 2
Board size: (height=25, width=20)
Board row: .3....3.............
Board row: ..X...............2.
Board row: .........X....2....2
Board row: 2....X..............
Board row: X....3..............
Board row: .............2....23
Board row: ....................
Board row: ...2................
Board row: ...........X........
Board row: ....................
Board row: .X......x...X.......
Board row: ................3..3
Board row: ....................
Board row: ...2......2......3..
Board row: ..................3.
Board row: X..................3
Board row: ....................
Board row: ...2X..............2
Board row: ..2.2...............
Board row: .................x..
Board row: ....................
Board row: .x..................
Board row: ....................
Board row: .2.3................
Board row: .....3............2.
Num letters: 26
a 3 b 8 c 0 d 5 e 5 f 10 g 9 h 8 i 4 j 10 k 7 l 6 m 5 n 8 o 0 p 9 q 10 r 6 s 10 t 7 u 1 v 1 w 0 x 0 y 8 z 8 
All letters: zknoeattzmbratyrvivsozihoqzodmdvkaerdzzmelogoaznmeuvlcuutmzkilmazitoilznhmnnhzglzemeuamhlioezdesobkiphollhnztoayaenzseumideooidxddaoybieoadodbgcduldzlmxdezyzadgoaeeieabeokamizpaiymmddkmmazozzyaozzrlmfozoioeltyrlkogooyznglvlmaardaokzmtgkoieamidtpytrllzownzhrrmittkuynjmraojdklmaalioosldihzdhikbozotiloimhorhmfofcdzilnmzgeeazlzortanadkybofoehkoctomrlrapozzyglznmlmmtksmzwimzzfxkmooiijealzepplalleeaimzhriyeatrakzlmoyaoloanahroaevoleqhtzoiensltbriboorpozhoaoivhleonrameolrzonrzemzyalioebkrgiehalo
Dictionary size: 113809
Running test case: 5
DictId: 1
Board size: (height=20, width=20)
Board row: ....................
Board row: .........x.......X3.
Board row: ..X...........XX....
Board row: ....2..2............
Board row: ..2.................
Board row: ...2................
Board row: ....................
Board row: ........x.....2.....
Board row: .....3..............
Board row: .2......2...3x......
Board row: ....................
Board row: .......3....2.......
Board row: ....................
Board row: ....2.......3.......
Board row: 3x......2.3.........
Board row: 2..3...2............
Board row: ..3..3...........3..
Board row: ....3...............
Board row: ...x................
Board row: 2...................
Num letters: 26
a 6 b 9 c 10 d 7 e 3 f 10 g 10 h 1 i 0 j 10 k 7 l 3 m 6 n 8 o 4 p 9 q 10 r 3 s 10 t 8 u 10 v 10 w 10 x 10 y 2 z 7 
All letters: axampikhlaekzootkooaimberiepomoolpeakgkztgoieehzemsabdnzirytmezetodmkaimteliifktzzirlmyhfhilbiatlivekmoidnyvltlnyrtkamidilbiiebiiaerrimkdnpodoamnizsotlkizcikdoyayqalholledtidmidbfeaaaomraymmmnolisieeqiroikdzdlafzpmkyikieltlmllikzyiakiaxyziikagalyohzzieeiomoifinlvkwewtyremzraozlaeorikejiaelamirtobylooikezemooldlrvlizkignnsualleiapltwieekoovlqmbrlribeoimiwrzedipreadbltkddmnooekkmkewtioigiztzhoobi
Dictionary size: 52866
Running test case: 6
DictId: 1
Board size: (height=30, width=30)
Board row: .................X.......2....
Board row: ....................3.......2.
Board row: ..............................
Board row: ...x.................2.....3..
Board row: .x.........X.X.....3.....2....
Board row: ...2..........................
Board row: ...2.........2X.3...x...2.....
Board row: ...........x..................
Board row: .3.......X.....x....3.....2...
Board row: ....x.2.........2.............
Board row: ...2..X............2..........
Board row: ..........X........2..........
Board row: ..........x...................
Board row: .........x....................
Board row: .......x....x.........3x......
Board row: ...........................2..
Board row: ............x2................
Board row: .................2.....3......
Board row: .3............................
Board row: ................x........x..2.
Board row: ...2....3.....2..........x....
Board row: .2...3.........X.X.....3......
Board row: ....x.......................2.
Board row: .3..................3...x.....
Board row: ..X................2x.........
Board row: ..............................
Board row: .........3..x.................
Board row: .....3..x............2.......x
Board row: .................2............
Board row: ..............................
Num letters: 26
a 4 b 1 c 10 d 7 e 3 f 0 g 10 h 9 i 10 j 10 k 7 l 3 m 6 n 8 o 4 p 9 q 10 r 7 s 10 t 8 u 10 v 10 w 0 x 10 y 8 z 7 
All letters: alroorazlaiitoatkdoiddbdpaklziielzlidataienokoydllizlltzfgriiookrikzeaenotklioozehrdgnerienaynifimlkaoioodtkdoeattakdremanwzasoiwloiniliarzeameapariildiiltedmrlkadbyeoiiipfdllslprteemleielaiyoaallrtymaooloanthonermenmioiiridkrnzstoywrltkdmanoentlaiapsanodeleimbxzlievlkhkbtyakkalvhzizailklzllitknreladoryiehrxoblielflmafazpipilmnmekeimieieeeeeirdfemaklyzieidmoaviodiiroaeireepmiegeakitaiemeezirteqliolimdhbzllemldalilinyibzihezttkmtyaieinokdekksoahlxaomobpzospxzddlilobyodaamaaotmaidagmnrxleldzbvmivmkiazainiomlatzyoakezikdmeyovkmeyzdpeikenkkiobitamtldbdgioiokodideaiapaalifolkehoyiomlrnykaomkkyeeemilhhikeeooreneilxiymlkatjzollyzlaamrbaomikilvdnifnmmmdyolelikeaimgmmyinemdmmldonkawdiefavioiiaatyipmaitdbrklzovnowztrieddqaivaokaoailpedlywbmdshonizzmakzeermyrilelryiabooeemliiaiadzrlioaumerbmelovdodoyayytcefzziedaeldzizeemkohmoiilypkltrrbieimaizmoeizigeeaepltmyyailroaorzaronptekplmleddlavmieta
Dictionary size: 52866
Total execution time: 0.279 (s)
