Running test case: 0
DictId: 3
Board size: (height=20, width=40)
Board row: .X..................3..2...2............
Board row: 33.........2....................3.......
Board row: .................2.......X23.....2.2...3
Board row: .2....2..........x.X................xX..
Board row: ..2............3............2...........
Board row: ........................................
Board row: .............3.2.3......2....x..2.......
Board row: 2....2.................3..x.............
Board row: ........2...........................2..x
Board row: 2..3...........2..3.....................
Board row: .....................................2..
Board row: ...2....3......2......X3................
Board row: .............3.......2.x.......2.2......
Board row: ............2....2.........2...3.2......
Board row: ..................2...........x.........
Board row: .......................3................
Board row: ........3.X..3.x........x.......2.3.....
Board row: .........2.3..2..x.......x2......22.....
Board row: .3...3....x............2...x............
Board row: ......................3.................
Num letters: 52
A 10 B 10 C 1 D 10 E 9 F 10 G 10 H 10 I 10 J 10 K 10 L 10 M 10 N 10 O 10 P 10 Q 10 R 10 S 9 T 10 U 10 V 10 W 10 X 10 Y 10 Z 10 a 1 b 8 c 7 d 7 e 0 f 10 g 10 h 10 i 4 j 5 k 6 l 6 m 6 n 8 o 4 p 0 q 10 r 9 s 3 t 6 u 6 v 0 w 9 x 10 y 9 z 5 
All letters: awlsnasiajOtzEdaiwzbcetuiryeeakayeauzdiizrasaauaslkEcrnCmojoinjZezSslebcwyeaEaZyeajbueedmdeEieldlessoiEmmLymadsEilcAsltejptSdmElkNtatonubEpeabeuaCaakibtotuooeoeoyakblmmzojacOorzteoCkpevoesjekmksmhdaojstconmumasdeyokvwEjZrIakeuzhAudakrEosKiesutiyimdossCzopzdjdiJyuwcstsaLtSekoeauzLzzsCCatuadAuztXpjcShltbeehluirpekeabAiAtbCaomFkjcbtnoszdskksewlcjrseueskwjjrdkeubzeotZbjesamTslnolebnsuketaudssapEYiAkzcjaekEiamfkubsEauopkdtUruizciiAswutCcneRsszanoozeuacEjotcCklsugasjrotaloaykzeocLbCuieAuwZzziuiyealeojpzsbkgesutykSooowtLdiaaculiaasWeEetejzbsciiedruyateEoasereokimezsadunaaeGuzmloCaiuiezajzAjaueztylbAdsjzlePtueseankecdLyhkauaZseBdeiVdQieaeljimniajrasoetpSshaceeeoLzacCkaLClbwedsaapvnjejiyposhztoeijsttduajqzzMezeazlxsazHmevSkkaltdEAnkCedroaoeiutdZusuoSdoejezlummaezismrokcmzSdyeonajiAzuDpaClCbza
Dictionary 3 not-cached. Rading from filename: C_Crossword/dict3.in
Dictionary size: 125957
Running test case: 1
DictId: 2
Board size: (height=25, width=20)
Board row: ............xx.X....
Board row: ..........x.......2.
Board row: ....2...............
Board row: .............2......
Board row: ...........3........
Board row: ....................
Board row: .33.................
Board row: ....................
Board row: ......3..........2.3
Board row: ..................3.
Board row: .....3..2..2.x......
Board row: ......3...223.......
Board row: 2.2........2........
Board row: ..........X....2.X..
Board row: .............X......
Board row: ....2......X........
Board row: ....................
Board row: .....2..........x...
Board row: 2..2................
Board row: ............2.......
Board row: .3..............2.x.
Board row: .................3..
Board row: ....................
Board row: ..........x........2
Board row: ....................
Num letters: 26
a 3 b 8 c 0 d 5 e 5 f 10 g 1 h 8 i 4 j 10 k 7 l 4 m 5 n 8 o 0 p 9 q 10 r 6 s 0 t 7 u 9 v 9 w 0 x 0 y 8 z 2 
All letters: lbazdzmlrtuzgtkootilezirdazydsodgjoalkibmkbtaottamrvolobkbhdzabmidnldpnzdofbamyrsbzajeozemyrildoxwzvpkxpomuabreziefolodrbgtallzzmvrovitzzgroqebloiihepmeerzndyhzotdmnioaezanzevnafnolwozpoioovhukkdlntzalceniliadhbrnltlpaikljivgakktjizmrzloksmzgemkzeoleirodyiozghnzlatlzoblmzhmzlooaydnwlionlijcydeiotfloozlhammlolozhiaaueomdooeeydddzzbvryazolcogzhplaidolznkocezfpaobfiaryikallziigkucbzodllmgootbzzgiaebvdzdtooakredzpeolklyzzoaaaozuerezlviimiipaprtefizoaycblmbaoozqyzifkftrbovieamoeokazzeezhakmaaoirtnf
Dictionary 2 not-cached. Rading from filename: C_Crossword/dict2.in
Dictionary size: 113809
Running test case: 2
DictId: 4
Board size: (height=20, width=20)
Board row: ..........2...X.....
Board row: 2................x..
Board row: ...x................
Board row: .....2..X...........
Board row: ....................
Board row: ......2.............
Board row: .......2.......2.2..
Board row: .2..................
Board row: .2..............X...
Board row: ....x............3..
Board row: .....X.........2.x..
Board row: ..............x...2.
Board row: ............3....3..
Board row: x............2......
Board row: 2.................3.
Board row: .....33...2........3
Board row: ..........3x.....x..
Board row: .................22.
Board row: 2..3....x......2....
Board row: ...2.X..............
Num letters: 52
A 10 B 8 C 10 D 10 E 9 F 0 G 10 H 10 I 8 J 10 K 10 L 9 M 10 N 0 O 0 P 10 Q 10 R 10 S 10 T 9 U 10 V 10 W 0 X 10 Y 8 Z 10 a 4 b 7 c 6 d 6 e 0 f 5 g 8 h 10 i 1 j 10 k 2 l 5 m 2 n 8 o 3 p 1 q 10 r 7 s 8 t 8 u 9 v 10 w 9 x 10 y 8 z 7 
All letters: mlzOlmosiIlSbtYwlmsyapledieatimfcfomewolLfJdNiooYloooooiWevnkvLsemnaTUcynylcksfyhoZaaroaroeoEfeiDevyltuebdeuerfzttekrstoErroNdTfgyTdRiszbisdZaLUkCiYmOtfZieofMaRdgmzEoLzpodbozppyljpotbaaefKEbUzaYtexmfbdetptmBgffIVyqiyebciiAyQfiegyeaafcocegotaTaremsdyXtzOiiosYmraesMbmzdmnzdbToeeOItasiaicMlPmkfdawkzdizyaEetlzedGndmnoAYlibHdeemcfewtIgTgilmkIeokegczemIauffTtoolhlidzFTrifliuBUbzilBybiOzzmcoeTfoc
Dictionary 4 not-cached. Rading from filename: C_Crossword/dict4.in
Dictionary size: 173417
Running test case: 3
DictId: 2
Board size: (height=25, width=25)
Board row: .........x.....2.........
Board row: .2....2...........X......
Board row: .....3.......x...........
Board row: .....................x...
Board row: ..............3..........
Board row: ...........2.............
Board row: ...3...............2.....
Board row: ......3........2.........
Board row: ..2..2...................
Board row: .............X...........
Board row: .......3.........X...2...
Board row: ..x.....2.2.............x
Board row: .......x.................
Board row: ................X........
Board row: ..................3......
Board row: ......2...3....3.........
Board row: ..2......X.....2........2
Board row: .....2......2.........3..
Board row: ............X........2..x
Board row: .2..x...........3........
Board row: 2........................
Board row: ..3....X...3...2.......X.
Board row: 2.......2................
Board row: ..3......2..3..........3X
Board row: ................x........
Num letters: 26
a 3 b 8 c 10 d 5 e 5 f 10 g 9 h 8 i 6 j 10 k 3 l 4 m 5 n 8 o 0 p 9 q 10 r 6 s 0 t 7 u 9 v 9 w 10 x 10 y 8 z 2 
All letters: azczzpezvliktziahadzmaargaomzezhiaodizgtzdwdhnlyiaraaezgzmnmrjrirwrvvamoeznlisiznbouilzpaaygielrdniaklldfeikdafonaazzgdotrmaayzmomouabeodzzdtboyldhrzngrmzdzzoeghzvyligompudilmheeucgohmlillutzbaorrhyaoloaiamozoclmhmnbrhhonkiaiabidzitevbeltbyhideotavarmcrkbaieezmrtjazlhiadzhodzrhoogoamiomalliaooaryraeoyyebrbkdlaohjzeotpadoytkiamlavvybuhnertooobvbtitrafthaoaajmayoioxlatrrlgtmbvtlaoigaliypzpmizaoudnmoldnuonyphdhlnokpzfsgtgdmodqecaoaereiaieozdhqootdkdddalmdngwnncblmtrzooktrizlzoaziopmkvauhimolvdlyioadkltbhldoaedobuoakayzkydpiedizopbnlknzoocntdorzflvytveibotzbildzdimafibmrlneoioknmaizviralogozhaszzezzfrkrmaheatsormnp
Dictionary size: 113809
Running test case: 4
DictId: 4
Board size: (height=25, width=25)
Board row: ........x.3...x..........
Board row: .3.....2..2...3....2.....
Board row: ...........222...........
Board row: .......x.................
Board row: .......X.....3......2....
Board row: ..3......................
Board row: ......x3.................
Board row: 2.............2.......2..
Board row: .............2...........
Board row: ..........222.....3.2....
Board row: .........................
Board row: ...............2.........
Board row: ................x........
Board row: ........x................
Board row: .X.......................
Board row: ....................2....
Board row: ..x...2...............X..
Board row: .........................
Board row: ..........x..........3...
Board row: .3...........22........2.
Board row: .......2....X...X....3...
Board row: ...xx.....2.2.x........2.
Board row: ......x.2.........3......
Board row: ...3............x........
Board row: ..............2...x......
Num letters: 52
A 10 B 8 C 10 D 0 E 9 F 10 G 10 H 10 I 8 J 10 K 10 L 1 M 10 N 10 O 10 P 0 Q 10 R 10 S 10 T 9 U 10 V 10 W 10 X 10 Y 8 Z 10 a 4 b 7 c 6 d 6 e 0 f 5 g 8 h 10 i 1 j 10 k 8 l 5 m 2 n 8 o 3 p 9 q 10 r 7 s 8 t 8 u 9 v 10 w 9 x 0 y 8 z 7 
All letters: ryrteeYfmlpbdlmmmofOezYBeyeedacloohdakeolmoYueipZUifiTealuogezfmmlallMTIeiYKdtfmLzoBmdTareaofmIgZlmfmidinfHymtcokeBcWgguOmidoemfBhotcgdmltyGdalfoyaNbyBQsyezieeTeBleiikklikmtepeoUrcgTaioetiecsmnsfrzclgcacaufdmezzmfhXIRgoioipAeaheloUpVtnBfuyceIfewoyzdzbribispviziPlmaoieBsicdoaarkeeLmmaaeoaYkfklmikeYIodleowFnhtkmlorltZdzeclmzdbPfxpfezYaeosipCiiecfzokacDfsmlyIrzTYihlBwldcnIkibyumponypmkmswYYsmiowdifemerrqpdrmdyicvbkhdnBfEfokizbsiafEmoBrfimleeemifbelfnmEekdaUmBTdgoyJBewIiitnflemociilaiieooileBTfsdafercoiYfamggpbeviaPeUdUiBcseIcbdsTolnerdlbEovjfdiaenkzoezaiHierbibUIyeonfaiacEbmImtawrrfmukeSYwmrlliHaiebirgrwyirfonSlo
Dictionary size: 173417
Running test case: 5
DictId: 4
Board size: (height=20, width=40)
Board row: 23..x3.2......2.......2..2.2...32.2...3.
Board row: ..2...3......3......x...................
Board row: ....2...............2........3..........
Board row: ....x.....x...2x....33..................
Board row: ........2.......3...........33..........
Board row: 3..x...2.x...............2.......x..2..2
Board row: .......2..3......332................2..X
Board row: ...........................x....3.2.....
Board row: .....3........2.3.....................3.
Board row: ....x2.....x..x....X..x3.......2..2..3..
Board row: ...........x....3......2................
Board row: ..................................2x32..
Board row: ...........2......X.......x..x..........
Board row: ..........3...2............2.....X......
Board row: ..3......3...........2...............2..
Board row: ...x.........x........3.....2.2.......23
Board row: ...2.2..x....2.2..X.2............2...x..
Board row: .......................x....2x..........
Board row: ...........3...........33..32....3....2.
Board row: .....2..........3................x......
Num letters: 52
A 10 B 8 C 10 D 10 E 9 F 10 G 10 H 10 I 8 J 10 K 10 L 9 M 10 N 0 O 10 P 10 Q 10 R 10 S 0 T 9 U 10 V 0 W 10 X 10 Y 2 Z 10 a 4 b 7 c 6 d 6 e 10 f 5 g 8 h 0 i 1 j 10 k 8 l 5 m 2 n 8 o 3 p 9 q 10 r 7 s 8 t 8 u 9 v 10 w 9 x 10 y 8 z 7 
All letters: legdykluEnimPBddzeyeffaEyruwaleicoyifylnclloItBafggmmdziHRnazmQieaaeoswJlInarLiaoszepyfaaaaifBmsmkejkTIiEfYreldbcToamsfLzbtiYwetescKlioomSdofTooydaetaktsTrLodelGoirIdcmtYigdnabCpgeatgnbiedUwrBzHdNfYLborepcialmieLalezizauomakdedrwcediyomfZsndntBoPascemZiomtgftinlatoffokBliYFlIfigiUsybeIzBommDfmaellmlvdiTaiaamkszdXEibpreYeMaicezxlafmcmeoliEiaiaiHOooivfIiBoeTllsauToemrlfmomwstoemfadizyntfamwiiietzabzpcfiAsswdnmlmfmbRsaeIeBpcdomqImcoeeBatwBgygoTictIembopavEOiarzihablkzTgfUeiiinfWaealebzLecseeYrZYisdawotzkllaoZIlfmfmirmmTdfidzameazkTnrrLobmobkzowmmbuilUmmdmtsnIuoUzmmiesittiitiElrVlfpTieMiummeUfnbfYealilybiidmzmvmYosocmamaREazfLcgJtBobmuelyhmmceinfltysmchelyoEfmtrbIoTdUfaiRmcrwalodndaeilaekfLtzdcrciaobacizwzLrYTDIickoaeTkmLIiIcqiidTelopoeemkcimofblkEiTBznbdaloKofbionmmdmmmtoEowwrkpItmfeemgrmmoIL
Dictionary size: 173417
Running test case: 6
DictId: 2
Board size: (height=15, width=15)
Board row: ...x.........2.
Board row: ....X....2..x..
Board row: ...2..3........
Board row: ..............2
Board row: ...x...2...2..2
Board row: ...x..xX3......
Board row: ........2......
Board row: ...............
Board row: ...............
Board row: ..3.....23..X..
Board row: 3.x............
Board row: ............X.2
Board row: ...............
Board row: ..X............
Board row: ...........32..
Num letters: 26
a 3 b 8 c 10 d 5 e 5 f 10 g 1 h 8 i 4 j 0 k 7 l 4 m 5 n 8 o 0 p 9 q 0 r 6 s 0 t 7 u 1 v 9 w 0 x 10 y 8 z 2 
All letters: niztoooizktmvotlzdajiladzfizebafamodeobtmeaztkeazdrceimifkueizzteigriahwzkmorazldnkileilmrauroolzoltzgrqoddriygoeztdkizbemdmizalbuinhzznlmnzyamoeiyxndpynzoaxdosoukbagaiozmnhlaazaamuzoyaymzlrjpzhromzttazhvmioynhzouzklzndlbrdro
Dictionary size: 113809
Running test case: 7
DictId: 2
Board size: (height=25, width=20)
Board row: .......X2.x.......x.
Board row: ..........2.3....3..
Board row: ........23....2....2
Board row: ....3.3..........3..
Board row: ......3.2..........2
Board row: ............2.......
Board row: .................2..
Board row: 23...........X...2..
Board row: ....2..........x....
Board row: .3..................
Board row: 3.................2.
Board row: ........2.........2.
Board row: ...............3....
Board row: 3..2..3..x..........
Board row: x......3..2X........
Board row: 2.............3X....
Board row: .....x....XX.x......
Board row: .............x......
Board row: .........2..........
Board row: .......2...2......2.
Board row: ....................
Board row: .....x...2........2.
Board row: ..............X2....
Board row: .....3......x.......
Board row: .....2..............
Num letters: 26
a 3 b 2 c 0 d 5 e 5 f 0 g 9 h 8 i 6 j 10 k 3 l 4 m 5 n 8 o 10 p 1 q 10 r 6 s 10 t 7 u 9 v 9 w 10 x 10 y 8 z 2 
All letters: arglbgzoatlaooalgozyopocodyoaeefjmdzmalyroonlebodjedkndaritddmluluoeolehuobnokcomitonmrzdiozoagaozoizedzpagklmeguedidbrkaemaobgmjjmflaihadamoiorhzdzrmzkmaolonrgakdmfbrplliegadtlgbrlzbflakzmiahtozawklrehtmkaazjdyyzrtiendfrnimpwazoezzmadowdorrhdmabdtlmyxadedjaaqtyaaloakmtfnzzdvemaokgzaeaiiozmzoazoklrfrzniyoeyfalaoolamhldzqhgfuimaimkzaomaxpcerbmdyrtzaefakozzzoenmkkdlozyeozmacmbaorndzzizoouummospmmvoozlkaehazooadiaqoliotadkgozazeartdltlaizhlakahpziervealamozzzglhnatojiapomobloohzichoziitoedozldzib
Dictionary size: 113809
Total execution time: 0.366 (s)
