Running test case: 0
DictId: 1
Board size: (height=10, width=15)
Board row: ...............
Board row: ...3.......x...
Board row: .2...3.........
Board row: .....x...3.....
Board row: 2..............
Board row: 2..2..........3
Board row: ...............
Board row: .....3.x.......
Board row: .......3....x..
Board row: ...............
Num letters: 26
a 4 b 1 c 10 d 3 e 7 f 10 g 10 h 1 i 0 j 10 k 7 l 7 m 6 n 2 o 4 p 9 q 10 r 7 s 10 t 8 u 0 v 0 w 10 x 10 y 8 z 7 
All letters: lamavieytitoapdebheirlkirnkermbloyaapmyyiaykakelkdolizoepxketzralrowifnatqgclnkeiizroirrazibevrneeejrrteolxanneueiepnzlhiiipikbmoelaesvzwmmlav
Dictionary 1 not-cached. Rading from filename: C_Crossword/dict1.in
Dictionary size: 52866
Running test case: 1
DictId: 2
Board size: (height=20, width=20)
Board row: .............3......
Board row: ......x.......3.....
Board row: ....................
Board row: ..................2.
Board row: ..........32........
Board row: X...................
Board row: ....................
Board row: .2..................
Board row: ....................
Board row: ...................2
Board row: .....22.............
Board row: ..............2.....
Board row: .....3.......3......
Board row: .........2..........
Board row: ........x.3........2
Board row: .....22.............
Board row: ....................
Board row: ....................
Board row: ...........2........
Board row: ...3...........2....
Num letters: 26
a 3 b 8 c 0 d 5 e 5 f 10 g 9 h 2 i 4 j 0 k 7 l 4 m 5 n 8 o 10 p 9 q 0 r 6 s 10 t 7 u 9 v 9 w 10 x 10 y 8 z 2 
All letters: zioozepmrvmmtrzozbbxskllmohyrrellorlzreeiogleuawrjadodadryoidatohhillektrzvfdoakoldogaolakzhzlkzzbodomkhokeohlzzarhikbzpdiaudtnoaglzabatoeaaabnateembreyaljraiazolomzhrmzeloblgaisirdlmiahzrrruzoyxwmeombdohygyonljlimzomyizdiiakohemnvudvdhpinqisddfezmrrydzolzrriynbloirhhupghlfozdlvcllmoozlouhodaneznzzbniaoibptzaizatdaddofabklafoioearptemlmdyaiaaldhedoiaopdgazoeouaviocdmkzviiqaaioaeebbhwoooatoflgoor
Dictionary 2 not-cached. Rading from filename: C_Crossword/dict2.in
Dictionary size: 113809
Running test case: 2
DictId: 2
Board size: (height=20, width=20)
Board row: .....2.......x.32...
Board row: ....33..............
Board row: ....................
Board row: .......3............
Board row: ....................
Board row: ..........3.........
Board row: .X..................
Board row: ...x................
Board row: ....2...............
Board row: 2...................
Board row: ....................
Board row: ........x....3......
Board row: ..............3.....
Board row: ..............2.....
Board row: ....................
Board row: .............X...3..
Board row: ..........2..2.x....
Board row: .................3..
Board row: ..x.......2.........
Board row: .....2..............
Num letters: 26
a 3 b 8 c 0 d 5 e 5 f 10 g 9 h 8 i 4 j 10 k 3 l 6 m 5 n 8 o 0 p 9 q 10 r 6 s 10 t 7 u 9 v 9 w 0 x 0 y 8 z 2 
All letters: ozkkgzaaijlktaaazcyrhalmamdmdzlblorirqhilzllaocoxeltmeiomdayzgzdmmoehhltmazbhcbiapedlezmykhtupykyiagytrmdfahorynpvdopgtmomiimevazthdoelsemaiizyroplezeoeuomzzmlrgnldfooryinoorrcimjadbjboorbrldekhtldfkkzykgmriatmoyvbhmdtbzoizkziezefokoboznlajiakorzodolzaaamgdizlyblenrjeozivlwotbrekirtzrvgdozfarzookitolatiklpqmocoelbmobmobtimszniatbylzdlmogioledzcrmoijmldaarzmprduddbiutazoyrfoeoozeldoorzyapnozmaaka
Dictionary size: 113809
Running test case: 3
DictId: 1
Board size: (height=25, width=20)
Board row: ...x.......2....3.2.
Board row: ...........2........
Board row: .x..................
Board row: ....................
Board row: .............3......
Board row: ....................
Board row: .......3..2.......x.
Board row: .X...........3......
Board row: x.............3.....
Board row: 2...................
Board row: ....2......2.2..X...
Board row: .............3......
Board row: ..........X.....3...
Board row: ....................
Board row: x..2.......2.3X2.2..
Board row: 3......3......x3.22.
Board row: .............x......
Board row: ...x.....2......3...
Board row: ....................
Board row: ................3...
Board row: ............X...X...
Board row: .........2..........
Board row: ....................
Board row: ...............X....
Board row: ...........2........
Num letters: 26
a 4 b 9 c 10 d 7 e 3 f 0 g 10 h 1 i 0 j 10 k 7 l 3 m 4 n 2 o 4 p 1 q 10 r 7 s 10 t 8 u 10 v 0 w 0 x 10 y 8 z 7 
All letters: psozeodnimfzteddfaibellblldemolllaekmyiohmtraariimiziiilapeiatdlaelairotohmdrioaomokixmztdrneyidodmwyoolilkiwerllikaliilloebpeikeiraikrthmlrdmiieewefepinblneoateeazrlzmrncfeyzizpaeaeslileiweyizdomiomiyyiaooikminoyoonryorlreeimeetimldolnlkilikktipoinrzlozlmilvnlaatiilqnneeelynznyiaptliaoedrztmottlokrzrborydmakrboratiltiztnnadreodxiezowitezmfaiiejeaneizmfzgdlaosimmitkbmaeedzodtdiilpiairkzizolduereoiiebrraebmoatykdioaldeedeibnkeeahltedoarfldikolzazmznozieaonokkaiiprlbdtvqdoalaodeiziitkaropkoo
Dictionary size: 52866
Running test case: 4
DictId: 1
Board size: (height=10, width=15)
Board row: ...............
Board row: ...x.X.........
Board row: ..............x
Board row: ...........X...
Board row: ...x...........
Board row: ...............
Board row: ...............
Board row: .....x.......3.
Board row: .......x...x...
Board row: ...............
Num letters: 26
a 6 b 9 c 10 d 7 e 3 f 0 g 10 h 1 i 0 j 10 k 7 l 3 m 6 n 8 o 4 p 9 q 10 r 7 s 10 t 8 u 10 v 10 w 0 x 10 y 8 z 7 
All letters: aiyidbapdlttuelifktllirzkrdlfagetekeoeeqlnhizldlpdheedoeboirooaermznzngwleaoiolixzeshzliijnidoozyzeckmkdilivlzkbibaaimiraaapcakewyaiikmtaimeemeadmg
Dictionary size: 52866
Running test case: 5
DictId: 1
Board size: (height=15, width=15)
Board row: ..........2....
Board row: ...........X...
Board row: ...............
Board row: ...x.......3...
Board row: .x.............
Board row: ......3........
Board row: ...............
Board row: ...............
Board row: ...............
Board row: ..3.2.........2
Board row: ...............
Board row: .2.............
Board row: ...............
Board row: .33.....X......
Board row: ..X.........X..
Num letters: 26
a 4 b 9 c 10 d 3 e 3 f 10 g 10 h 1 i 10 j 10 k 7 l 3 m 4 n 2 o 6 p 1 q 10 r 7 s 10 t 8 u 10 v 10 w 10 x 10 y 8 z 7 
All letters: aaezaobrsoemlmolkpneiiiglyeodimdzrredeztlxlikkwlyidrteoklybaaioeyulezoyydilodlkildbecbbimgtyhazvntridliamghasepiktyydkaoeialfezkidoraekmlllipbejziarlkioizeapofitlaaekonlrezomevidoimoogzftzobeoozhkwzmnfkbalewrtilyqemobnglop
Dictionary size: 52866
Running test case: 6
DictId: 2
Board size: (height=20, width=20)
Board row: .............2X.....
Board row: ....2.2.............
Board row: ..........3.........
Board row: .........x..........
Board row: ........2...........
Board row: ...3..23...........3
Board row: ....................
Board row: ...................3
Board row: .........2....X.....
Board row: .........3..........
Board row: ...3................
Board row: ..............2.....
Board row: ................2...
Board row: .......2.........23.
Board row: ...2.........3..2...
Board row: .3..........x.......
Board row: ......3..2....2....2
Board row: ........2...........
Board row: X3......2......x....
Board row: x...................
Num letters: 26
a 3 b 2 c 0 d 5 e 5 f 10 g 9 h 2 i 4 j 10 k 3 l 4 m 5 n 8 o 0 p 9 q 10 r 6 s 0 t 7 u 9 v 1 w 10 x 10 y 8 z 2 
All letters: ezbrpuflmioymaozzbzhqzkodzbdrrizokaizaotkjlzaemzrkilylbmrlmmrdoddzzymsucvdytadzzkaohiyliizramrhfkzjgzoazmooinlzirtoiesiuzkloomnimberozrzutoeneoitmlelodzdmahigzkamokhjdlmylolacyfkaoedoiytlomiieryarszyghooauddgnhaarmhyiizheeazyynmrzdmyoeadkzpmosiiiukzpoeireslnamcookranpocobyluezmyyliefoenaiztkblhaamepqokowgomtpkogxaohzadzihmahrwmoynluenosldrirdadipjzremdrizmxzmoaoobdgbadiallmmydhbalukdntganb
Dictionary size: 113809
Running test case: 7
DictId: 2
Board size: (height=25, width=20)
Board row: .......2.....x......
Board row: ....................
Board row: .....3............2.
Board row: ..............2.....
Board row: 3...................
Board row: ...................2
Board row: ....................
Board row: ......2........3....
Board row: x...................
Board row: ..............2.....
Board row: .........2.........x
Board row: ..........3.3.......
Board row: ........3....x......
Board row: .2..................
Board row: ...........X........
Board row: ..............X.....
Board row: ...........3.2......
Board row: .3.........x.3x...3.
Board row: ......2.............
Board row: ....................
Board row: ..2.............2...
Board row: .......2.......x....
Board row: ....................
Board row: .............2......
Board row: ....2....22.....x...
Num letters: 26
a 3 b 8 c 10 d 5 e 5 f 10 g 1 h 8 i 4 j 0 k 7 l 4 m 5 n 8 o 0 p 9 q 0 r 6 s 0 t 3 u 9 v 1 w 10 x 10 y 2 z 2 
All letters: aomnalzkzamobimadgonzazuewzkazokdodnoommaatfhlelalklrylzcoodoemgohlnmhbklgaidhzbbmttiaooogaeikoldyeznaogkzllazazyoedzahalloolpofmydglbifkiedrooizzioyijlypxvasmilotamodrqmbdmaonlzhhoecgiiyihmaanmdiuhdzozeldahetyezmdanaooamhrzfntoajeflzleedykaeodjvtlrymlgomlacbazeiyliieayznekddeskrioeyecmrziedanyryodmlrzqipolimedglroebmmlynjakaomidmritepiebeylaykkoeoehaeyzgaoyjmaodaiavgzznmbltamitqmikdmafdajllzzfmbemzyzxmzapodzhlevvanzabtoytnzldzreeinihmmdnbzidmgzoydiposonougaaaaodberaajdomudoqoanzbydhyoeclmlkuti
Dictionary size: 113809
Running test case: 8
DictId: 2
Board size: (height=20, width=20)
Board row: ..X..3......2.......
Board row: x.....2...3.........
Board row: ....................
Board row: ............x.x.....
Board row: ....................
Board row: ..............3.x.xx
Board row: ....................
Board row: .........2......2...
Board row: ....................
Board row: ......2.............
Board row: .........x.x.3......
Board row: ....................
Board row: .....2..x3...2.2....
Board row: .................32.
Board row: .......3............
Board row: ......2.2...........
Board row: ...........2........
Board row: ...........x......2.
Board row: .......3..x.........
Board row: .................23X
Num letters: 26
a 3 b 8 c 0 d 5 e 5 f 10 g 9 h 8 i 4 j 10 k 7 l 4 m 5 n 2 o 0 p 9 q 10 r 6 s 0 t 3 u 9 v 1 w 10 x 10 y 8 z 2 
All letters: acocqvgealgedofrgldzoeaoiltuhvdimywztloqekzalkayeylboapzemtzesagzaiarrinfdzeerloehjczeaddeiewbeaehiedbpolkajszloaawoeocpdeyoetiglesooynrmazfhmaurltlkrbktblzdanhefomktahgkgddjoaoalrrjizkldgkrayvmzrzealhzomoybjzthomebtooaamboeqzzibbkwcizkhleodyglrvoaouwozizegoimizmndrtemeiozehcarbebonpmtepkzioteydnzelbokydamdlznoliokidreoonzmzillipmillidmzmmletoreammlionozzhzaniuzadyzkoxgdjizmrertoekdalbmiiyoyii
Dictionary size: 113809
Running test case: 9
DictId: 2
Board size: (height=10, width=15)
Board row: ...........x...
Board row: .3.3...3......x
Board row: ............2..
Board row: x..............
Board row: ....2..x3.....2
Board row: ...............
Board row: ...............
Board row: .........3.....
Board row: ....x..........
Board row: ......x.....X..
Num letters: 26
a 3 b 8 c 10 d 5 e 5 f 0 g 9 h 8 i 4 j 10 k 7 l 4 m 5 n 8 o 0 p 9 q 10 r 6 s 0 t 7 u 1 v 9 w 10 x 0 y 8 z 8 
All letters: elryzaoaleikzeuoiildzokykrkpxbzducrbemakikktmuhivoylpjjelaorfzkoomzbbvoisacoizttoygkdmboztzgleoateelldlzzddvewenmkonvmyazbcarlnrldeomysdmidyoeeuqiar
Dictionary size: 113809
Total execution time: 0.673 (s)
