Running test case: 0
DictId: 5
Board size: (height=15, width=15)
Board row: .....3.......2.
Board row: ...........X...
Board row: ...............
Board row: 2..............
Board row: .3.2.....3.....
Board row: ..2............
Board row: ...............
Board row: .........3.....
Board row: ...............
Board row: ............X..
Board row: ...x.........3.
Board row: ....2..........
Board row: ...........3.32
Board row: ..xX3....3..x..
Board row: ....x....X.....
Num letters: 22
E 10 M 0 O 10 S 6 U 10 a 5 b 9 c 7 e 10 f 9 g 1 h 8 i 6 l 4 m 8 n 6 o 5 p 8 r 6 t 4 u 8 v 1 
All letters: hochoOiueraamfiuUapurrvhlbptaSannronhonortelerhurteferaaheeeiSieutrlhreluMfittcvtrcuSeaerubcphrclhtlpilSnpaiacrnlrvcSpanneeSooSSctmrtbtphilfeteaaMarmaeagoaccreocefnlnuSetceuiaagohpaemleotpoebtiScmeohnvhvEvieeeemliieppinute
Dictionary 5 not-cached. Rading from filename: C_Crossword/dict5.in
Dictionary size: 569
Running test case: 1
DictId: 5
Board size: (height=10, width=15)
Board row: ..2..2.....2.2.
Board row: ...........x..3
Board row: .......x.......
Board row: ...............
Board row: ...............
Board row: ......23..X....
Board row: .............2.
Board row: .............2.
Board row: ...3..2........
Board row: ..............3
Num letters: 22
E 10 M 10 O 10 S 4 U 10 a 5 b 9 c 7 e 0 f 9 g 9 h 8 i 6 l 6 m 8 n 6 o 5 p 2 r 6 t 4 u 8 v 9 
All letters: nrhSaieiaenpmhmorbtctiiemepUnoteopffatgemaoMhOvSaUecrnrgUrntotSenaamaiaSaltrohieopevuliuiltnicbathvnMnEneuaaoitmlrchhrleggrernapvncfoeemohoineeo
Dictionary size: 569
Running test case: 2
DictId: 1
Board size: (height=15, width=15)
Board row: ...........2...
Board row: ........2......
Board row: 2...32..3.....2
Board row: .............3.
Board row: ...........3...
Board row: ......X...2....
Board row: ...............
Board row: ......2..3.....
Board row: ......3x.X.....
Board row: .........2.....
Board row: ........3......
Board row: ...............
Board row: ......2........
Board row: ..2.2....2x.3..
Board row: .X2............
Num letters: 26
a 4 b 1 c 0 d 7 e 3 f 0 g 10 h 1 i 10 j 10 k 7 l 3 m 6 n 8 o 4 p 9 q 0 r 7 s 10 t 8 u 10 v 10 w 0 x 10 y 8 z 7 
All letters: eavitxhaezvdaatiydtesierzcmdilbmoiaiooiiakdmmliemgleimnlaymltikmrlaibhiamietytlpooihmaksiohramgaileyaeaamzamzemtnanirslboiidbzyeipoieoamhatpkooijlrswdtefazbitketlzbelmekoavolkmkdezeoeafrmaluayklotildimaolnvmqooezolilekki
Dictionary 1 not-cached. Rading from filename: C_Crossword/dict1.in
Dictionary size: 52866
Total execution time: 0.044 (s)
